[0m12:32:34.242410 [debug] [MainThread]: Sending event: {'category': 'dbt', 'action': 'invocation', 'label': 'start', 'context': [<snowplow_tracker.self_describing_json.SelfDescribingJson object at 0x74dc6fdf0380>, <snowplow_tracker.self_describing_json.SelfDescribingJson object at 0x74dc6fdf22d0>, <snowplow_tracker.self_describing_json.SelfDescribingJson object at 0x74dc6e874290>]}


============================== 12:32:34.249143 | fae8476e-e7d3-449c-acb3-6c5ff39a2418 ==============================
[0m12:32:34.249143 [info ] [MainThread]: Running with dbt=1.10.1
[0m12:32:34.249729 [debug] [MainThread]: running dbt with arguments {'printer_width': '80', 'indirect_selection': 'eager', 'write_json': 'True', 'log_cache_events': 'False', 'partial_parse': 'True', 'cache_selected_only': 'False', 'warn_error': 'None', 'version_check': 'True', 'debug': 'False', 'log_path': 'logs', 'fail_fast': 'False', 'profiles_dir': '/home/jelte/.dbt', 'use_colors': 'True', 'use_experimental_parser': 'False', 'empty': 'None', 'quiet': 'False', 'no_print': 'None', 'log_format': 'default', 'introspect': 'True', 'warn_error_options': 'WarnErrorOptionsV2(error=[], warn=[], silence=[])', 'static_parser': 'True', 'target_path': 'None', 'invocation_command': 'dbt init', 'send_anonymous_usage_stats': 'True'}
[0m12:32:43.941671 [debug] [MainThread]: Starter project path: /home/jelte/projects/lineage_tracker/.venv/lib/python3.12/site-packages/dbt/include/starter_project
[0m12:32:43.950312 [info ] [MainThread]: 
Your new dbt project "project_lineage" was created!

For more information on how to configure the profiles.yml file,
please consult the dbt documentation here:

  https://docs.getdbt.com/docs/configure-your-profile

One more thing:

Need help? Don't hesitate to reach out to us via GitHub issues or on Slack:

  https://community.getdbt.com/

Happy modeling!

[0m12:32:43.950779 [info ] [MainThread]: Setting up your profile.
[0m12:33:00.447190 [debug] [MainThread]: Spark adapter: Setting pyhive.hive logging to ERROR
[0m12:33:00.447672 [debug] [MainThread]: Spark adapter: Setting thrift.transport logging to ERROR
[0m12:33:00.448007 [debug] [MainThread]: Spark adapter: Setting thrift.protocol logging to ERROR
[0m12:37:16.084755 [info ] [MainThread]: Profile project_lineage written to /home/jelte/.dbt/profiles.yml using target's profile_template.yml and your supplied values. Run 'dbt debug' to validate the connection.
[0m12:37:16.103790 [debug] [MainThread]: Resource report: {"command_name": "init", "command_success": true, "command_wall_clock_time": 283.31787, "process_in_blocks": "241720", "process_kernel_time": 0.55715, "process_mem_max_rss": "220796", "process_out_blocks": "80", "process_user_time": 3.746632}
[0m12:37:16.118456 [debug] [MainThread]: Command `dbt init` succeeded at 12:37:16.117756 after 283.34 seconds
[0m12:37:16.123231 [debug] [MainThread]: Sending event: {'category': 'dbt', 'action': 'invocation', 'label': 'end', 'context': [<snowplow_tracker.self_describing_json.SelfDescribingJson object at 0x74dc7008d340>, <snowplow_tracker.self_describing_json.SelfDescribingJson object at 0x74dc3f98db80>, <snowplow_tracker.self_describing_json.SelfDescribingJson object at 0x74dc3f7fbbc0>]}
[0m12:37:16.126555 [debug] [MainThread]: Flushing usage events
[0m12:37:16.654638 [debug] [MainThread]: An error was encountered while trying to flush usage events
[0m12:37:28.118174 [debug] [MainThread]: Sending event: {'category': 'dbt', 'action': 'invocation', 'label': 'start', 'context': [<snowplow_tracker.self_describing_json.SelfDescribingJson object at 0x7322bb3a6e40>, <snowplow_tracker.self_describing_json.SelfDescribingJson object at 0x7322bb483950>, <snowplow_tracker.self_describing_json.SelfDescribingJson object at 0x7322bb3a6db0>]}


============================== 12:37:28.124095 | 624c2f3d-3811-4a71-baa3-5e3e4697d433 ==============================
[0m12:37:28.124095 [info ] [MainThread]: Running with dbt=1.10.1
[0m12:37:28.124541 [debug] [MainThread]: running dbt with arguments {'printer_width': '80', 'indirect_selection': 'eager', 'log_cache_events': 'False', 'write_json': 'True', 'partial_parse': 'True', 'cache_selected_only': 'False', 'warn_error': 'None', 'debug': 'False', 'profiles_dir': '/home/jelte/.dbt', 'log_path': 'logs', 'version_check': 'True', 'fail_fast': 'False', 'use_colors': 'True', 'use_experimental_parser': 'False', 'empty': 'None', 'quiet': 'False', 'no_print': 'None', 'warn_error_options': 'WarnErrorOptionsV2(error=[], warn=[], silence=[])', 'static_parser': 'True', 'invocation_command': 'dbt debug', 'introspect': 'True', 'target_path': 'None', 'log_format': 'default', 'send_anonymous_usage_stats': 'True'}
[0m12:37:28.144771 [info ] [MainThread]: dbt version: 1.10.1
[0m12:37:28.145237 [info ] [MainThread]: python version: 3.12.3
[0m12:37:28.145580 [info ] [MainThread]: python path: /home/jelte/projects/lineage_tracker/.venv/bin/python3
[0m12:37:28.145885 [info ] [MainThread]: os info: Linux-6.6.87.2-microsoft-standard-WSL2-x86_64-with-glibc2.39
[0m12:37:28.998552 [debug] [MainThread]: Spark adapter: Setting pyhive.hive logging to ERROR
[0m12:37:28.999049 [debug] [MainThread]: Spark adapter: Setting thrift.transport logging to ERROR
[0m12:37:28.999383 [debug] [MainThread]: Spark adapter: Setting thrift.protocol logging to ERROR
[0m12:37:29.848599 [info ] [MainThread]: Using profiles dir at /home/jelte/.dbt
[0m12:37:29.849123 [info ] [MainThread]: Using profiles.yml file at /home/jelte/.dbt/profiles.yml
[0m12:37:29.849490 [info ] [MainThread]: Using dbt_project.yml file at /home/jelte/projects/lineage_tracker/dbt_project.yml
[0m12:37:29.849871 [info ] [MainThread]: adapter type: databricks
[0m12:37:29.850230 [info ] [MainThread]: adapter version: 1.10.3
[0m12:37:29.850565 [info ] [MainThread]: Configuration:
[0m12:37:29.850870 [info ] [MainThread]:   profiles.yml file [[32mOK found and valid[0m]
[0m12:37:29.851198 [info ] [MainThread]:   dbt_project.yml file [[31mERROR not found[0m]
[0m12:37:29.851497 [info ] [MainThread]: Required dependencies:
[0m12:37:29.851818 [debug] [MainThread]: Executing "git --help"
[0m12:37:29.854910 [debug] [MainThread]: STDOUT: "b"usage: git [-v | --version] [-h | --help] [-C <path>] [-c <name>=<value>]\n           [--exec-path[=<path>]] [--html-path] [--man-path] [--info-path]\n           [-p | --paginate | -P | --no-pager] [--no-replace-objects] [--bare]\n           [--git-dir=<path>] [--work-tree=<path>] [--namespace=<name>]\n           [--config-env=<name>=<envvar>] <command> [<args>]\n\nThese are common Git commands used in various situations:\n\nstart a working area (see also: git help tutorial)\n   clone     Clone a repository into a new directory\n   init      Create an empty Git repository or reinitialize an existing one\n\nwork on the current change (see also: git help everyday)\n   add       Add file contents to the index\n   mv        Move or rename a file, a directory, or a symlink\n   restore   Restore working tree files\n   rm        Remove files from the working tree and from the index\n\nexamine the history and state (see also: git help revisions)\n   bisect    Use binary search to find the commit that introduced a bug\n   diff      Show changes between commits, commit and working tree, etc\n   grep      Print lines matching a pattern\n   log       Show commit logs\n   show      Show various types of objects\n   status    Show the working tree status\n\ngrow, mark and tweak your common history\n   branch    List, create, or delete branches\n   commit    Record changes to the repository\n   merge     Join two or more development histories together\n   rebase    Reapply commits on top of another base tip\n   reset     Reset current HEAD to the specified state\n   switch    Switch branches\n   tag       Create, list, delete or verify a tag object signed with GPG\n\ncollaborate (see also: git help workflows)\n   fetch     Download objects and refs from another repository\n   pull      Fetch from and integrate with another repository or a local branch\n   push      Update remote refs along with associated objects\n\n'git help -a' and 'git help -g' list available subcommands and some\nconcept guides. See 'git help <command>' or 'git help <concept>'\nto read about a specific subcommand or concept.\nSee 'git help git' for an overview of the system.\n""
[0m12:37:29.855273 [debug] [MainThread]: STDERR: "b''"
[0m12:37:29.855538 [info ] [MainThread]:  - git [[32mOK found[0m]

[0m12:37:29.855890 [info ] [MainThread]: Connection:
[0m12:37:29.856267 [info ] [MainThread]:   host: adb-556647915164336.16.azuredatabricks.net
[0m12:37:29.856645 [info ] [MainThread]:   http_path: /sql/1.0/warehouses/5ee085978ade5559
[0m12:37:29.857125 [info ] [MainThread]:   catalog: dev_ae
[0m12:37:29.857433 [info ] [MainThread]:   schema: jelte
[0m12:37:29.857927 [info ] [MainThread]: Registered adapter: databricks=1.10.3
[0m12:37:29.978221 [debug] [MainThread]: Databricks adapter: DatabricksDBTConnection(session-id=None, name=debug, idle-time=0s, language=None, compute-name=) - Creating connection
[0m12:37:29.978650 [debug] [MainThread]: Acquiring new databricks connection 'debug'
[0m12:37:29.978973 [debug] [MainThread]: Using databricks connection "debug"
[0m12:37:29.979294 [debug] [MainThread]: On debug: select 1 as id
[0m12:37:29.979571 [debug] [MainThread]: Opening a new connection, currently in state init
[0m12:37:30.789123 [debug] [MainThread]: Databricks adapter: Connection(session-id=01f04dc2-9114-173f-85f7-33eda8f81613) - Created
[0m12:37:37.475069 [debug] [MainThread]: SQL status: OK in 7.500 seconds
[0m12:37:37.476263 [debug] [MainThread]: Databricks adapter: Cursor(session-id=01f04dc2-9114-173f-85f7-33eda8f81613, command-id=01f04dc2-915b-1de1-8f89-5c2cabf83d6f) - Closing
[0m12:37:37.783420 [info ] [MainThread]:   Connection test: [[32mOK connection ok[0m]

[0m12:37:37.784002 [info ] [MainThread]: [31m1 check failed:[0m
[0m12:37:37.784423 [info ] [MainThread]: Project loading failed for the following reason:
 project path </home/jelte/projects/lineage_tracker/dbt_project.yml> not found

[0m12:37:37.785635 [debug] [MainThread]: Resource report: {"command_name": "debug", "command_success": false, "command_wall_clock_time": 9.715788, "process_in_blocks": "110328", "process_kernel_time": 0.752134, "process_mem_max_rss": "225924", "process_out_blocks": "16", "process_user_time": 3.707096}
[0m12:37:37.786207 [debug] [MainThread]: Command `dbt debug` failed at 12:37:37.786098 after 9.72 seconds
[0m12:37:37.786568 [debug] [MainThread]: Connection 'debug' was properly closed.
[0m12:37:37.786910 [debug] [MainThread]: On debug: Close
[0m12:37:37.787307 [debug] [MainThread]: Databricks adapter: Connection(session-id=01f04dc2-9114-173f-85f7-33eda8f81613) - Closing
[0m12:37:38.013359 [debug] [MainThread]: Sending event: {'category': 'dbt', 'action': 'invocation', 'label': 'end', 'context': [<snowplow_tracker.self_describing_json.SelfDescribingJson object at 0x7322bca18c20>, <snowplow_tracker.self_describing_json.SelfDescribingJson object at 0x7322903213a0>, <snowplow_tracker.self_describing_json.SelfDescribingJson object at 0x7322bd172bd0>]}
[0m12:37:38.013879 [debug] [MainThread]: Flushing usage events
[0m12:37:38.483400 [debug] [MainThread]: An error was encountered while trying to flush usage events
